"FreeRTOS Task Aware Debugger for GDB" version 11.3.0 (202012100919)
(c) 2016-2018 NXP Semiconductors, Inc.
==================================
16:07:20.494 INFO: [TadModel] DSF session ID 75 has started.
16:07:27.721 INFO: [TadState] TAD state changed:  DEBUG_STARTED -> DEBUG_INIT_0 (RESUMED, USER_REQUEST)
16:07:28.00 INFO: [TadState] TAD state changed:  DEBUG_INIT_0 -> DEBUG_INIT_1 (SUSPENDED, SIGNAL)
16:07:30.45 INFO: [TadState] TAD state changed:  DEBUG_INIT_1 -> DEBUG_SUSPENDED (RESUMED, USER_REQUEST)
16:07:30.214 INFO: [TadState] TAD state changed:  DEBUG_SUSPENDED -> DEBUG_SUSPENDED (SUSPENDED, BREAKPOINT)
16:07:34.775 INFO: [TadState] TAD state changed:  DEBUG_SUSPENDED -> DEBUG_RESUMED (RESUMED, USER_REQUEST)
16:08:25.231 INFO: [TadState] TAD state changed:  DEBUG_RESUMED -> READY (SUSPENDED, SIGNAL)
16:08:28.825 INFO: [Benchmark] Loading data for "Determine FreeRTOS version" has started.
16:08:28.826 ERROR: [VariableReader] Could not read variable expression: "&(FreeRTOSDebugConfig)".
16:08:28.827 ERROR: [VariableReader] Could not read variable expression: "sizeof(struct TaskControlBlock_t)".
16:08:28.829 ERROR: [VariableReader] Could not read variable expression: "&(((struct QueueDefinition *) 0)->pcTail)".
16:08:28.830 INFO: [TadModel] FreeRTOS version has been identified from available FreeRTOS symbols as 10.11.
16:08:28.830 INFO: [Benchmark] Loading data for "Determine FreeRTOS version" took 5 ms.
16:08:28.830 INFO: [Benchmark] Loading data for "Heap Usage" has started.
16:08:31.788 ERROR: [VariableReader] Could not read variable expression: "freeRTOSMemoryScheme".
16:08:31.788 ERROR: [TadFactory] Reading exception during: "readIntVariableSafely(freeRTOSMemoryScheme)"
16:08:31.788 INFO: [HeapFactory] TAD will try to determine heap type (memory scheme) from available variables.
16:08:31.788 INFO: [HeapFactory] Make sure you have correctly defined "configFRTOS_MEMORY_SCHEME" macro in FreeRTOSConfig.h. TAD determines heap type either from MCUXpresso IDE's "FreeRTOSDebugConfig" structure (which uses "configFRTOS_MEMORY_SCHEME" define) or user defined variable "static const uint8_t freeRTOSMemoryScheme = <heap_type_used>;".
16:08:31.788 INFO: [FreeRTOS] FreeRTOS macro "configFRTOS_MEMORY_SCHEME" is disabled.
16:08:31.814 INFO: [HeapFactory] Heap variable ucHeap is equal to "0x100001b4".
16:08:31.814 INFO: [HeapFactory] Heap variable xHeapStructSize is equal to "0x10008000".
16:08:31.814 INFO: [HeapFactory] Heap type (memory allocation scheme) has been identified from available heap variables as Heap #4. 
16:08:31.923 INFO: [Benchmark] Loading data for "Heap Usage" took 3093 ms.
16:08:52.373 INFO: [Benchmark] Loading data for "Task List" has started.
16:08:52.413 INFO: [Benchmark] Loading data for "Task List" took 40 ms.
16:09:27.915 INFO: [TadState] TAD state changed:  READY -> DEBUG_RESUMED (RESUMED, USER_REQUEST)
16:09:31.68 INFO: [TadState] TAD state changed:  DEBUG_RESUMED -> READY (SUSPENDED, SIGNAL)
16:09:35.814 INFO: [TadState] TAD state changed:  READY -> DEBUG_RESUMED (RESUMED, USER_REQUEST)
16:09:49.878 INFO: [TadState] TAD state changed:  DEBUG_RESUMED -> READY (SUSPENDED, SIGNAL)
16:09:55.609 INFO: [TadState] TAD state changed:  READY -> DEBUG_RESUMED (RESUMED, USER_REQUEST)
16:09:55.747 INFO: [TadState] TAD state changed:  DEBUG_RESUMED -> READY (SUSPENDED, BREAKPOINT)
16:10:14.351 INFO: [TadState] TAD state changed:  READY -> DEBUG_RESUMED (RESUMED, USER_REQUEST)
16:10:28.791 INFO: [TadState] TAD state changed:  DEBUG_RESUMED -> READY (SUSPENDED, BREAKPOINT)
16:10:41.802 INFO: [TadState] TAD state changed:  READY -> DEBUG_RESUMED (RESUMED, STEP)
16:10:42.370 INFO: [TadState] TAD state changed:  DEBUG_RESUMED -> READY (SUSPENDED, STEP)
16:10:45.232 INFO: [TadState] TAD state changed:  READY -> DEBUG_RESUMED (RESUMED, STEP)
16:10:45.543 INFO: [TadState] TAD state changed:  DEBUG_RESUMED -> READY (SUSPENDED, STEP)
16:10:48.544 INFO: [TadState] TAD state changed:  READY -> DEBUG_RESUMED (RESUMED, STEP)
16:11:21.226 INFO: [TadState] TAD state changed:  DEBUG_RESUMED -> READY (SUSPENDED, STEP)
16:12:29.11 INFO: [TadModel] DSF session ID 75 has ended.
