"FreeRTOS Task Aware Debugger for GDB" version 11.3.0 (202012100919)
(c) 2016-2018 NXP Semiconductors, Inc.
==================================
11:03:50.21 INFO: [TadModel] DSF session ID 4 has started.
11:04:02.378 INFO: [TadState] TAD state changed:  DEBUG_STARTED -> DEBUG_INIT_0 (RESUMED, USER_REQUEST)
11:04:02.537 INFO: [TadState] TAD state changed:  DEBUG_INIT_0 -> DEBUG_INIT_1 (SUSPENDED, SIGNAL)
11:04:05.367 INFO: [TadState] TAD state changed:  DEBUG_INIT_1 -> DEBUG_SUSPENDED (RESUMED, USER_REQUEST)
11:04:05.642 INFO: [TadState] TAD state changed:  DEBUG_SUSPENDED -> DEBUG_SUSPENDED (SUSPENDED, BREAKPOINT)
11:04:08.600 INFO: [TadState] TAD state changed:  DEBUG_SUSPENDED -> DEBUG_RESUMED (RESUMED, USER_REQUEST)
11:05:08.577 INFO: [TadState] TAD state changed:  DEBUG_RESUMED -> READY (SUSPENDED, BREAKPOINT)
11:05:18.39 INFO: [Benchmark] Loading data for "Determine FreeRTOS version" has started.
11:05:18.44 ERROR: [VariableReader] Could not read variable expression: "&(FreeRTOSDebugConfig)".
11:05:18.48 ERROR: [VariableReader] Could not read variable expression: "sizeof(struct TaskControlBlock_t)".
11:05:18.58 ERROR: [VariableReader] Could not read variable expression: "&(((struct QueueDefinition *) 0)->pcTail)".
11:05:18.58 INFO: [TadModel] FreeRTOS version has been identified from available FreeRTOS symbols as 10.11.
11:05:18.58 INFO: [Benchmark] Loading data for "Determine FreeRTOS version" took 19 ms.
11:05:18.58 INFO: [Benchmark] Loading data for "Task List" has started.
11:05:21.142 INFO: [Benchmark] Loading data for "Task List" took 3084 ms.
11:05:29.809 INFO: [TadState] TAD state changed:  READY -> DEBUG_RESUMED (RESUMED, STEP)
11:05:30.383 INFO: [TadState] TAD state changed:  DEBUG_RESUMED -> READY (SUSPENDED, STEP)
11:05:30.386 INFO: [Benchmark] Loading data for "Task List" has started.
11:05:33.661 INFO: [Benchmark] Loading data for "Task List" took 3277 ms.
11:05:36.703 INFO: [TadState] TAD state changed:  READY -> DEBUG_RESUMED (RESUMED, STEP)
11:05:37.179 INFO: [TadState] TAD state changed:  DEBUG_RESUMED -> READY (SUSPENDED, STEP)
11:05:38.364 INFO: [TadState] TAD state changed:  READY -> DEBUG_RESUMED (RESUMED, STEP)
11:05:38.869 INFO: [TadState] TAD state changed:  DEBUG_RESUMED -> READY (SUSPENDED, SIGNAL)
11:05:46.65 INFO: [TadModel] DSF session ID 4 has ended.
