"FreeRTOS Task Aware Debugger for GDB" version 11.3.0 (202012100919)
(c) 2016-2018 NXP Semiconductors, Inc.
==================================
11:06:04.146 INFO: [TadModel] DSF session ID 5 has started.
11:06:15.19 INFO: [TadState] TAD state changed:  DEBUG_STARTED -> DEBUG_INIT_0 (RESUMED, USER_REQUEST)
11:06:15.159 INFO: [TadState] TAD state changed:  DEBUG_INIT_0 -> DEBUG_INIT_1 (SUSPENDED, SIGNAL)
11:06:16.715 INFO: [TadState] TAD state changed:  DEBUG_INIT_1 -> DEBUG_SUSPENDED (RESUMED, USER_REQUEST)
11:06:16.984 INFO: [TadState] TAD state changed:  DEBUG_SUSPENDED -> DEBUG_SUSPENDED (SUSPENDED, BREAKPOINT)
11:06:21.80 INFO: [TadState] TAD state changed:  DEBUG_SUSPENDED -> DEBUG_RESUMED (RESUMED, USER_REQUEST)
11:07:11.183 INFO: [TadState] TAD state changed:  DEBUG_RESUMED -> READY (SUSPENDED, BREAKPOINT)
11:07:14.821 INFO: [TadState] TAD state changed:  READY -> DEBUG_RESUMED (RESUMED, STEP)
11:07:15.442 INFO: [TadState] TAD state changed:  DEBUG_RESUMED -> READY (SUSPENDED, STEP)
11:07:16.195 INFO: [TadState] TAD state changed:  READY -> DEBUG_RESUMED (RESUMED, STEP)
11:07:16.687 INFO: [TadState] TAD state changed:  DEBUG_RESUMED -> READY (SUSPENDED, STEP)
11:07:19.317 INFO: [Benchmark] Loading data for "Determine FreeRTOS version" has started.
11:07:19.322 ERROR: [VariableReader] Could not read variable expression: "&(FreeRTOSDebugConfig)".
11:07:19.328 ERROR: [VariableReader] Could not read variable expression: "sizeof(struct TaskControlBlock_t)".
11:07:19.341 ERROR: [VariableReader] Could not read variable expression: "&(((struct QueueDefinition *) 0)->pcTail)".
11:07:19.341 INFO: [TadModel] FreeRTOS version has been identified from available FreeRTOS symbols as 10.11.
11:07:19.341 INFO: [Benchmark] Loading data for "Determine FreeRTOS version" took 24 ms.
11:07:19.341 INFO: [Benchmark] Loading data for "Task List" has started.
11:07:22.575 INFO: [Benchmark] Loading data for "Task List" took 3234 ms.
11:07:32.279 INFO: [Benchmark] Loading data for "Heap Usage" has started.
11:07:32.323 ERROR: [VariableReader] Could not read variable expression: "freeRTOSMemoryScheme".
11:07:32.323 ERROR: [TadFactory] Reading exception during: "readIntVariableSafely(freeRTOSMemoryScheme)"
11:07:32.324 INFO: [HeapFactory] TAD will try to determine heap type (memory scheme) from available variables.
11:07:32.324 INFO: [HeapFactory] Make sure you have correctly defined "configFRTOS_MEMORY_SCHEME" macro in FreeRTOSConfig.h. TAD determines heap type either from MCUXpresso IDE's "FreeRTOSDebugConfig" structure (which uses "configFRTOS_MEMORY_SCHEME" define) or user defined variable "static const uint8_t freeRTOSMemoryScheme = <heap_type_used>;".
11:07:32.324 INFO: [FreeRTOS] FreeRTOS macro "configFRTOS_MEMORY_SCHEME" is disabled.
11:07:32.348 INFO: [HeapFactory] Heap variable ucHeap is equal to "0x100001b4".
11:07:32.349 INFO: [HeapFactory] Heap variable xHeapStructSize is equal to "0x10008000".
11:07:32.349 INFO: [HeapFactory] Heap type (memory allocation scheme) has been identified from available heap variables as Heap #4. 
11:07:32.557 INFO: [Benchmark] Loading data for "Heap Usage" took 278 ms.
11:07:41.890 INFO: [TadState] TAD state changed:  READY -> DEBUG_RESUMED (RESUMED, STEP)
11:07:42.399 INFO: [TadState] TAD state changed:  DEBUG_RESUMED -> READY (SUSPENDED, SIGNAL)
11:07:48.976 INFO: [TadState] TAD state changed:  READY -> DEBUG_RESUMED (RESUMED, USER_REQUEST)
11:07:49.255 INFO: [TadState] TAD state changed:  DEBUG_RESUMED -> READY (SUSPENDED, BREAKPOINT)
11:07:51.43 INFO: [TadState] TAD state changed:  READY -> DEBUG_RESUMED (RESUMED, USER_REQUEST)
11:08:25.974 INFO: [TadState] TAD state changed:  DEBUG_RESUMED -> READY (SUSPENDED, BREAKPOINT)
11:08:30.643 INFO: [TadState] TAD state changed:  READY -> DEBUG_RESUMED (RESUMED, STEP)
11:08:31.242 INFO: [TadState] TAD state changed:  DEBUG_RESUMED -> READY (SUSPENDED, STEP)
11:08:32.197 INFO: [TadState] TAD state changed:  READY -> DEBUG_RESUMED (RESUMED, STEP)
11:08:32.669 INFO: [TadState] TAD state changed:  DEBUG_RESUMED -> READY (SUSPENDED, STEP)
11:08:34.245 INFO: [TadState] TAD state changed:  READY -> DEBUG_RESUMED (RESUMED, STEP)
11:08:34.822 INFO: [TadState] TAD state changed:  DEBUG_RESUMED -> READY (SUSPENDED, STEP)
11:08:36.959 INFO: [TadState] TAD state changed:  READY -> DEBUG_RESUMED (RESUMED, STEP)
11:08:37.247 INFO: [TadState] TAD state changed:  DEBUG_RESUMED -> READY (SUSPENDED, STEP)
11:08:38.06 INFO: [TadState] TAD state changed:  READY -> DEBUG_RESUMED (RESUMED, STEP)
11:08:38.620 INFO: [TadState] TAD state changed:  DEBUG_RESUMED -> READY (SUSPENDED, STEP)
11:08:40.597 INFO: [TadState] TAD state changed:  READY -> DEBUG_RESUMED (RESUMED, STEP)
11:08:41.173 INFO: [TadState] TAD state changed:  DEBUG_RESUMED -> READY (SUSPENDED, STEP)
11:08:45.502 INFO: [Benchmark] Loading data for "Heap Usage" has started.
11:08:48.756 INFO: [Benchmark] Loading data for "Heap Usage" took 3254 ms.
11:09:00.811 INFO: [TadState] TAD state changed:  READY -> DEBUG_RESUMED (RESUMED, STEP)
11:09:01.436 INFO: [TadState] TAD state changed:  DEBUG_RESUMED -> READY (SUSPENDED, STEP)
11:09:02.671 INFO: [TadState] TAD state changed:  READY -> DEBUG_RESUMED (RESUMED, STEP)
11:09:03.78 INFO: [TadState] TAD state changed:  DEBUG_RESUMED -> READY (SUSPENDED, STEP)
11:09:05.634 INFO: [TadState] TAD state changed:  READY -> DEBUG_RESUMED (RESUMED, STEP)
11:09:06.93 INFO: [TadState] TAD state changed:  DEBUG_RESUMED -> READY (SUSPENDED, STEP)
11:09:15.817 INFO: [TadState] TAD state changed:  READY -> DEBUG_RESUMED (RESUMED, STEP)
11:09:16.374 INFO: [TadState] TAD state changed:  DEBUG_RESUMED -> READY (SUSPENDED, STEP)
11:09:17.910 INFO: [TadState] TAD state changed:  READY -> DEBUG_RESUMED (RESUMED, STEP)
11:09:18.387 INFO: [TadState] TAD state changed:  DEBUG_RESUMED -> READY (SUSPENDED, STEP)
11:09:26.236 INFO: [TadState] TAD state changed:  READY -> DEBUG_RESUMED (RESUMED, USER_REQUEST)
11:09:26.585 INFO: [TadState] TAD state changed:  DEBUG_RESUMED -> READY (SUSPENDED, BREAKPOINT)
11:09:30.11 INFO: [TadState] TAD state changed:  READY -> DEBUG_RESUMED (RESUMED, STEP)
11:09:30.580 INFO: [TadState] TAD state changed:  DEBUG_RESUMED -> READY (SUSPENDED, STEP)
11:09:32.345 INFO: [TadState] TAD state changed:  READY -> DEBUG_RESUMED (RESUMED, STEP)
11:09:32.883 INFO: [TadState] TAD state changed:  DEBUG_RESUMED -> READY (SUSPENDED, STEP)
11:09:34.300 INFO: [TadState] TAD state changed:  READY -> DEBUG_RESUMED (RESUMED, STEP)
11:09:34.627 INFO: [TadState] TAD state changed:  DEBUG_RESUMED -> READY (SUSPENDED, STEP)
11:09:35.538 INFO: [TadState] TAD state changed:  READY -> DEBUG_RESUMED (RESUMED, STEP)
11:09:35.946 INFO: [TadState] TAD state changed:  DEBUG_RESUMED -> READY (SUSPENDED, STEP)
11:09:38.311 INFO: [TadState] TAD state changed:  READY -> DEBUG_RESUMED (RESUMED, STEP)
11:09:38.629 INFO: [TadState] TAD state changed:  DEBUG_RESUMED -> READY (SUSPENDED, STEP)
11:09:42.62 INFO: [TadState] TAD state changed:  READY -> DEBUG_RESUMED (RESUMED, STEP)
11:09:42.340 INFO: [TadState] TAD state changed:  DEBUG_RESUMED -> READY (SUSPENDED, STEP)
11:09:43.07 INFO: [TadState] TAD state changed:  READY -> DEBUG_RESUMED (RESUMED, STEP)
11:09:43.477 INFO: [TadState] TAD state changed:  DEBUG_RESUMED -> READY (SUSPENDED, BREAKPOINT)
11:09:57.915 INFO: [TadState] TAD state changed:  READY -> DEBUG_RESUMED (RESUMED, STEP)
11:09:58.622 INFO: [TadState] TAD state changed:  DEBUG_RESUMED -> READY (SUSPENDED, STEP)
11:10:03.28 INFO: [Benchmark] Loading data for "Heap Usage" has started.
11:10:03.321 ERROR: [VariableReader] Could not read variable expression: "(((struct tskTaskControlBlock *) 0x10003e68)->xEventListItem.pxContainer)".
11:10:03.322 ERROR: [TaskFactory] Cannot read information from "pxReadyTasksLists[0]".
11:10:03.661 ERROR: [VariableReader] Could not read variable expression: "(((struct tskTaskControlBlock *) 0x10003108)->xEventListItem.pxContainer)".
11:10:03.661 ERROR: [TaskFactory] Cannot read information from "pxReadyTasksLists[1]".
11:10:04.176 ERROR: [VariableReader] Could not read variable expression: "(((struct tskTaskControlBlock *) 0x10000d98)->xEventListItem.pxContainer)".
11:10:04.176 ERROR: [TaskFactory] Cannot read information from "pxDelayedTaskList".
11:10:04.388 INFO: [Benchmark] Loading data for "Heap Usage" took 1360 ms.
11:10:11.512 INFO: [TadState] TAD state changed:  READY -> DEBUG_RESUMED (RESUMED, STEP)
11:10:12.188 INFO: [TadState] TAD state changed:  DEBUG_RESUMED -> READY (SUSPENDED, STEP)
11:10:13.174 INFO: [TadState] TAD state changed:  READY -> DEBUG_RESUMED (RESUMED, STEP)
11:10:13.666 INFO: [TadState] TAD state changed:  DEBUG_RESUMED -> READY (SUSPENDED, STEP)
11:10:14.777 INFO: [TadState] TAD state changed:  READY -> DEBUG_RESUMED (RESUMED, STEP)
11:10:15.217 INFO: [TadState] TAD state changed:  DEBUG_RESUMED -> READY (SUSPENDED, SIGNAL)
11:10:39.622 INFO: [TadModel] DSF session ID 5 has ended.
