"FreeRTOS Task Aware Debugger for GDB" version 11.3.0 (202012100919)
(c) 2016-2018 NXP Semiconductors, Inc.
==================================
16:14:06.248 INFO: [TadModel] DSF session ID 76 has started.
16:14:12.983 INFO: [TadState] TAD state changed:  DEBUG_STARTED -> DEBUG_INIT_0 (RESUMED, USER_REQUEST)
16:14:13.230 INFO: [TadState] TAD state changed:  DEBUG_INIT_0 -> DEBUG_INIT_1 (SUSPENDED, SIGNAL)
16:14:15.665 INFO: [TadState] TAD state changed:  DEBUG_INIT_1 -> DEBUG_SUSPENDED (RESUMED, USER_REQUEST)
16:14:15.849 INFO: [TadState] TAD state changed:  DEBUG_SUSPENDED -> DEBUG_SUSPENDED (SUSPENDED, BREAKPOINT)
16:14:17.50 INFO: [TadState] TAD state changed:  DEBUG_SUSPENDED -> DEBUG_RESUMED (RESUMED, USER_REQUEST)
16:14:31.482 INFO: [TadState] TAD state changed:  DEBUG_RESUMED -> READY (SUSPENDED, BREAKPOINT)
16:14:39.258 INFO: [TadState] TAD state changed:  READY -> DEBUG_RESUMED (RESUMED, STEP)
16:15:11.919 INFO: [TadState] TAD state changed:  DEBUG_RESUMED -> READY (SUSPENDED, STEP)
16:15:15.658 INFO: [TadState] TAD state changed:  READY -> DEBUG_RESUMED (RESUMED, STEP)
16:15:16.112 INFO: [TadState] TAD state changed:  DEBUG_RESUMED -> READY (SUSPENDED, STEP)
16:15:18.102 INFO: [TadState] TAD state changed:  READY -> DEBUG_RESUMED (RESUMED, USER_REQUEST)
16:15:44.705 INFO: [TadState] TAD state changed:  DEBUG_RESUMED -> READY (SUSPENDED, BREAKPOINT)
16:15:47.262 INFO: [Benchmark] Loading data for "Determine FreeRTOS version" has started.
16:15:47.263 ERROR: [VariableReader] Could not read variable expression: "&(FreeRTOSDebugConfig)".
16:15:47.265 ERROR: [VariableReader] Could not read variable expression: "sizeof(struct TaskControlBlock_t)".
16:15:47.270 ERROR: [VariableReader] Could not read variable expression: "&(((struct QueueDefinition *) 0)->pcTail)".
16:15:47.270 INFO: [TadModel] FreeRTOS version has been identified from available FreeRTOS symbols as 10.11.
16:15:47.270 INFO: [Benchmark] Loading data for "Determine FreeRTOS version" took 8 ms.
16:15:47.270 INFO: [Benchmark] Loading data for "Task List" has started.
16:15:50.330 INFO: [Benchmark] Loading data for "Task List" took 3060 ms.
16:16:02.901 INFO: [TadState] TAD state changed:  READY -> DEBUG_RESUMED (RESUMED, USER_REQUEST)
16:16:03.152 INFO: [TadState] TAD state changed:  DEBUG_RESUMED -> READY (SUSPENDED, BREAKPOINT)
16:16:03.158 INFO: [Benchmark] Loading data for "Task List" has started.
16:16:06.307 INFO: [Benchmark] Loading data for "Task List" took 3154 ms.
16:16:12.944 INFO: [TadState] TAD state changed:  READY -> DEBUG_RESUMED (RESUMED, USER_REQUEST)
16:16:33.991 INFO: [TadState] TAD state changed:  DEBUG_RESUMED -> READY (SUSPENDED, BREAKPOINT)
16:16:35.668 INFO: [TadState] TAD state changed:  READY -> DEBUG_RESUMED (RESUMED, STEP)
16:16:36.76 INFO: [TadState] TAD state changed:  DEBUG_RESUMED -> READY (SUSPENDED, STEP)
16:16:37.724 INFO: [TadState] TAD state changed:  READY -> DEBUG_RESUMED (RESUMED, STEP)
16:16:50.568 INFO: [TadState] TAD state changed:  DEBUG_RESUMED -> READY (SUSPENDED, SIGNAL)
16:16:52.556 INFO: [TadModel] DSF session ID 76 has ended.
